python3: can't open file 'magage.py': [Errno 2] No such file or directory
python3: can't open file 'magage.py': [Errno 2] No such file or directory
python3: can't open file 'magage.py': [Errno 2] No such file or directory
Watching for file changes with StatReloader
Performing system checks...

System check identified no issues (0 silenced).
December 22, 2022 - 05:33:50
Django version 3.2.16, using settings 'DailySA.settings'
Starting development server at http://0.0.0.0:8000/
Quit the server with CONTROL-C.
[22/Dec/2022 05:33:53] "GET / HTTP/1.1" 200 1111
[22/Dec/2022 05:33:54] "GET / HTTP/1.1" 200 1111
[22/Dec/2022 05:33:54] "GET / HTTP/1.1" 200 1111
[22/Dec/2022 05:33:59] "GET / HTTP/1.1" 200 2409
[22/Dec/2022 05:33:59] "GET / HTTP/1.1" 200 1111
[22/Dec/2022 05:34:00] "GET / HTTP/1.1" 200 1111
[22/Dec/2022 05:34:00] "GET / HTTP/1.1" 200 1767
[22/Dec/2022 05:34:01] "GET / HTTP/1.1" 200 2409
[22/Dec/2022 05:34:01] "GET / HTTP/1.1" 200 1767
[22/Dec/2022 05:34:01] "GET / HTTP/1.1" 200 1111
[22/Dec/2022 05:34:02] "GET / HTTP/1.1" 200 1111
[22/Dec/2022 05:34:02] "GET / HTTP/1.1" 200 1767
[22/Dec/2022 05:34:02] "GET / HTTP/1.1" 200 1111
[22/Dec/2022 05:34:02] "GET / HTTP/1.1" 200 1767
[22/Dec/2022 05:34:02] "GET / HTTP/1.1" 200 1767
[22/Dec/2022 05:34:03] "GET / HTTP/1.1" 200 2409
[22/Dec/2022 05:34:03] "GET / HTTP/1.1" 200 2409
[22/Dec/2022 05:34:03] "GET / HTTP/1.1" 200 2409
[22/Dec/2022 05:34:04] "GET / HTTP/1.1" 200 1111
[22/Dec/2022 05:34:04] "GET / HTTP/1.1" 200 1767
[22/Dec/2022 05:34:05] "GET / HTTP/1.1" 200 1767
[22/Dec/2022 05:34:05] "GET / HTTP/1.1" 200 1767
[22/Dec/2022 05:34:06] "GET / HTTP/1.1" 200 1111
[22/Dec/2022 05:34:07] "GET / HTTP/1.1" 200 1767
[22/Dec/2022 05:34:07] "GET / HTTP/1.1" 200 2409
[22/Dec/2022 05:34:07] "GET / HTTP/1.1" 200 2409
[22/Dec/2022 05:34:11] "GET /admin/ HTTP/1.1" 200 4885
[22/Dec/2022 05:34:11] "GET /static/admin/css/nav_sidebar.css HTTP/1.1" 304 0
[22/Dec/2022 05:34:11] "GET /static/admin/css/base.css HTTP/1.1" 304 0
[22/Dec/2022 05:34:11] "GET /static/admin/js/nav_sidebar.js HTTP/1.1" 304 0
[22/Dec/2022 05:34:11] "GET /static/admin/css/dashboard.css HTTP/1.1" 304 0
[22/Dec/2022 05:34:11] "GET /static/admin/css/responsive.css HTTP/1.1" 304 0
[22/Dec/2022 05:34:11] "GET /admin/ HTTP/1.1" 200 4885
[22/Dec/2022 05:34:11] "GET /static/admin/css/fonts.css HTTP/1.1" 304 0
[22/Dec/2022 05:34:11] "GET /static/admin/img/icon-changelink.svg HTTP/1.1" 304 0
[22/Dec/2022 05:34:11] "GET /static/admin/img/icon-addlink.svg HTTP/1.1" 304 0
[22/Dec/2022 05:34:11] "GET /static/admin/fonts/Roboto-Bold-webfont.woff HTTP/1.1" 304 0
[22/Dec/2022 05:34:11] "GET /static/admin/fonts/Roboto-Light-webfont.woff HTTP/1.1" 304 0
[22/Dec/2022 05:34:11] "GET /static/admin/fonts/Roboto-Regular-webfont.woff HTTP/1.1" 304 0
[22/Dec/2022 05:34:13] "GET /admin/main/problem/add/ HTTP/1.1" 200 6625
[22/Dec/2022 05:34:13] "GET /static/admin/css/forms.css HTTP/1.1" 304 0
[22/Dec/2022 05:34:13] "GET /static/admin/js/jquery.init.js HTTP/1.1" 304 0
[22/Dec/2022 05:34:13] "GET /static/admin/js/core.js HTTP/1.1" 304 0
[22/Dec/2022 05:34:13] "GET /static/admin/js/vendor/jquery/jquery.js HTTP/1.1" 304 0
[22/Dec/2022 05:34:13] "GET /admin/jsi18n/ HTTP/1.1" 200 3325
[22/Dec/2022 05:34:13] "GET /static/admin/js/admin/RelatedObjectLookups.js HTTP/1.1" 304 0
[22/Dec/2022 05:34:13] "GET /static/admin/js/actions.js HTTP/1.1" 304 0
[22/Dec/2022 05:34:13] "GET /static/admin/js/prepopulate.js HTTP/1.1" 304 0
[22/Dec/2022 05:34:13] "GET /static/admin/js/vendor/xregexp/xregexp.js HTTP/1.1" 304 0
[22/Dec/2022 05:34:13] "GET /static/admin/js/prepopulate_init.js HTTP/1.1" 304 0
[22/Dec/2022 05:34:13] "GET /static/admin/js/urlify.js HTTP/1.1" 304 0
[22/Dec/2022 05:34:13] "GET /static/admin/css/widgets.css HTTP/1.1" 304 0
[22/Dec/2022 05:34:13] "GET /static/admin/js/change_form.js HTTP/1.1" 304 0
[22/Dec/2022 05:34:21] "GET /admin/main/problem/ HTTP/1.1" 200 6521
[22/Dec/2022 05:34:21] "GET /static/admin/css/changelists.css HTTP/1.1" 304 0
[22/Dec/2022 05:34:21] "GET /admin/jsi18n/ HTTP/1.1" 200 3325
[22/Dec/2022 05:34:21] "GET /static/admin/img/tooltag-add.svg HTTP/1.1" 304 0
[22/Dec/2022 05:34:23] "GET /admin/main/problem/add/ HTTP/1.1" 200 6625
[22/Dec/2022 05:34:24] "GET /admin/jsi18n/ HTTP/1.1" 200 3325
[22/Dec/2022 05:34:55] "POST /admin/main/problem/add/ HTTP/1.1" 302 0
[22/Dec/2022 05:34:55] "GET /admin/main/problem/ HTTP/1.1" 200 6948
[22/Dec/2022 05:34:55] "GET /admin/jsi18n/ HTTP/1.1" 200 3325
[22/Dec/2022 05:34:56] "GET /static/admin/img/icon-yes.svg HTTP/1.1" 304 0
[22/Dec/2022 05:34:58] "GET /admin/main/problem/add/ HTTP/1.1" 200 6625
[22/Dec/2022 05:34:58] "GET /admin/jsi18n/ HTTP/1.1" 200 3325
[22/Dec/2022 05:36:22] "POST /admin/main/problem/add/ HTTP/1.1" 302 0
[22/Dec/2022 05:36:22] "GET /admin/main/problem/ HTTP/1.1" 200 7165
[22/Dec/2022 05:36:22] "GET /admin/jsi18n/ HTTP/1.1" 200 3325
[22/Dec/2022 05:36:24] "GET /admin/main/problem/add/ HTTP/1.1" 200 6625
[22/Dec/2022 05:36:24] "GET /admin/jsi18n/ HTTP/1.1" 200 3325
[22/Dec/2022 05:36:49] "POST /admin/main/problem/add/ HTTP/1.1" 302 0
[22/Dec/2022 05:36:49] "GET /admin/main/problem/ HTTP/1.1" 200 7382
[22/Dec/2022 05:36:50] "GET /admin/jsi18n/ HTTP/1.1" 200 3325
[22/Dec/2022 05:36:51] "GET /admin/main/problem/add/ HTTP/1.1" 200 6625
[22/Dec/2022 05:36:51] "GET /admin/jsi18n/ HTTP/1.1" 200 3325
[22/Dec/2022 05:37:13] "POST /admin/main/problem/add/ HTTP/1.1" 302 0
[22/Dec/2022 05:37:13] "GET /admin/main/problem/ HTTP/1.1" 200 7599
[22/Dec/2022 05:37:13] "GET /admin/jsi18n/ HTTP/1.1" 200 3325
[22/Dec/2022 05:37:15] "GET /admin/main/problem/add/ HTTP/1.1" 200 6625
[22/Dec/2022 05:37:15] "GET /static/admin/css/nav_sidebar.css HTTP/1.1" 304 0
[22/Dec/2022 05:37:15] "GET /static/admin/css/responsive.css HTTP/1.1" 304 0
[22/Dec/2022 05:37:15] "GET /static/admin/css/base.css HTTP/1.1" 304 0
[22/Dec/2022 05:37:15] "GET /admin/jsi18n/ HTTP/1.1" 200 3325
[22/Dec/2022 05:37:15] "GET /static/admin/js/nav_sidebar.js HTTP/1.1" 304 0
[22/Dec/2022 05:37:15] "GET /static/admin/css/fonts.css HTTP/1.1" 304 0
[22/Dec/2022 05:37:15] "GET /static/admin/fonts/Roboto-Light-webfont.woff HTTP/1.1" 304 0
[22/Dec/2022 05:37:15] "GET /static/admin/fonts/Roboto-Bold-webfont.woff HTTP/1.1" 304 0
[22/Dec/2022 05:37:15] "GET /static/admin/fonts/Roboto-Regular-webfont.woff HTTP/1.1" 304 0
[22/Dec/2022 05:37:15] "GET /static/admin/img/icon-addlink.svg HTTP/1.1" 304 0
[22/Dec/2022 05:37:53] "POST /admin/main/problem/add/ HTTP/1.1" 302 0
[22/Dec/2022 05:37:53] "GET /admin/main/problem/ HTTP/1.1" 200 7816
[22/Dec/2022 05:37:53] "GET /static/admin/js/jquery.init.js HTTP/1.1" 304 0
[22/Dec/2022 05:37:53] "GET /static/admin/js/admin/RelatedObjectLookups.js HTTP/1.1" 304 0
[22/Dec/2022 05:37:53] "GET /static/admin/js/vendor/jquery/jquery.js HTTP/1.1" 304 0
[22/Dec/2022 05:37:53] "GET /static/admin/js/core.js HTTP/1.1" 304 0
[22/Dec/2022 05:37:53] "GET /admin/jsi18n/ HTTP/1.1" 200 3325
[22/Dec/2022 05:37:53] "GET /static/admin/css/changelists.css HTTP/1.1" 304 0
[22/Dec/2022 05:37:53] "GET /static/admin/js/actions.js HTTP/1.1" 304 0
[22/Dec/2022 05:37:53] "GET /static/admin/js/prepopulate.js HTTP/1.1" 304 0
[22/Dec/2022 05:37:53] "GET /static/admin/js/urlify.js HTTP/1.1" 304 0
[22/Dec/2022 05:37:53] "GET /static/admin/js/vendor/xregexp/xregexp.js HTTP/1.1" 304 0
[22/Dec/2022 05:37:54] "GET /static/admin/img/tooltag-add.svg HTTP/1.1" 304 0
[22/Dec/2022 05:37:55] "GET /admin/main/problem/add/ HTTP/1.1" 200 6625
[22/Dec/2022 05:37:55] "GET /static/admin/js/prepopulate_init.js HTTP/1.1" 304 0
[22/Dec/2022 05:37:55] "GET /admin/jsi18n/ HTTP/1.1" 200 3325
[22/Dec/2022 05:37:55] "GET /static/admin/css/forms.css HTTP/1.1" 304 0
[22/Dec/2022 05:37:55] "GET /static/admin/css/widgets.css HTTP/1.1" 304 0
[22/Dec/2022 05:37:55] "GET /static/admin/js/change_form.js HTTP/1.1" 304 0
[22/Dec/2022 05:38:22] "POST /admin/main/problem/add/ HTTP/1.1" 302 0
[22/Dec/2022 05:38:23] "GET /admin/main/problem/ HTTP/1.1" 200 8033
[22/Dec/2022 05:38:23] "GET /admin/jsi18n/ HTTP/1.1" 200 3325
[22/Dec/2022 05:38:23] "GET /static/admin/img/icon-yes.svg HTTP/1.1" 304 0
[22/Dec/2022 05:38:24] "GET /admin/main/problem/add/ HTTP/1.1" 200 6625
[22/Dec/2022 05:38:24] "GET /admin/jsi18n/ HTTP/1.1" 200 3325
[22/Dec/2022 05:38:47] "POST /admin/main/problem/add/ HTTP/1.1" 302 0
[22/Dec/2022 05:38:47] "GET /admin/main/problem/ HTTP/1.1" 200 8258
[22/Dec/2022 05:38:47] "GET /admin/jsi18n/ HTTP/1.1" 200 3325
[22/Dec/2022 05:38:48] "GET /admin/main/problem/add/ HTTP/1.1" 200 6625
[22/Dec/2022 05:38:48] "GET /admin/jsi18n/ HTTP/1.1" 200 3325
[22/Dec/2022 05:39:39] "POST /admin/main/problem/add/ HTTP/1.1" 302 0
[22/Dec/2022 05:39:40] "GET /admin/main/problem/ HTTP/1.1" 200 8478
[22/Dec/2022 05:39:40] "GET /admin/jsi18n/ HTTP/1.1" 200 3325
[22/Dec/2022 05:39:41] "GET /admin/main/problem/add/ HTTP/1.1" 200 6625
[22/Dec/2022 05:39:41] "GET /admin/jsi18n/ HTTP/1.1" 200 3325
[22/Dec/2022 05:40:26] "POST /admin/main/problem/add/ HTTP/1.1" 302 0
[22/Dec/2022 05:40:26] "GET /admin/main/problem/ HTTP/1.1" 200 8698
[22/Dec/2022 05:40:26] "GET /admin/jsi18n/ HTTP/1.1" 200 3325
[22/Dec/2022 05:40:38] "GET / HTTP/1.1" 200 2294
[22/Dec/2022 05:40:42] "GET / HTTP/1.1" 200 1539
[22/Dec/2022 05:40:42] "GET / HTTP/1.1" 200 1247
[22/Dec/2022 05:40:43] "GET / HTTP/1.1" 200 838
[22/Dec/2022 05:40:43] "GET / HTTP/1.1" 200 1247
[22/Dec/2022 05:40:43] "GET / HTTP/1.1" 200 2348
[22/Dec/2022 05:40:44] "GET / HTTP/1.1" 200 1767
[22/Dec/2022 05:40:44] "GET / HTTP/1.1" 200 1247
[22/Dec/2022 05:40:45] "GET / HTTP/1.1" 200 1111
[22/Dec/2022 05:40:45] "GET / HTTP/1.1" 200 2409
[22/Dec/2022 05:40:45] "GET / HTTP/1.1" 200 1519
[22/Dec/2022 05:40:46] "GET / HTTP/1.1" 200 1767
[22/Dec/2022 05:40:46] "GET / HTTP/1.1" 200 1111
[22/Dec/2022 05:40:46] "GET / HTTP/1.1" 200 1247
[22/Dec/2022 05:40:47] "GET / HTTP/1.1" 200 2348
[22/Dec/2022 05:45:24] "GET /result/?select=Change&answer=Deploy HTTP/1.1" 200 175
[22/Dec/2022 05:45:25] "GET / HTTP/1.1" 200 1247
[22/Dec/2022 05:45:27] "GET /result/?select=Establish&answer=Establish HTTP/1.1" 200 154
[22/Dec/2022 05:45:28] "GET / HTTP/1.1" 200 1856
[22/Dec/2022 05:45:29] "GET /result/?select=Use&answer=Enable HTTP/1.1" 200 172
[22/Dec/2022 05:45:32] "GET / HTTP/1.1" 200 2294
[22/Dec/2022 06:06:42] "GET / HTTP/1.1" 200 1856
[22/Dec/2022 06:06:43] "GET / HTTP/1.1" 200 2294
[22/Dec/2022 06:06:43] "GET / HTTP/1.1" 200 838
[22/Dec/2022 06:23:52] "GET /result/?select=Amazon&answer=Amazon HTTP/1.1" 200 154
[22/Dec/2022 06:23:53] "GET / HTTP/1.1" 200 1288
[22/Dec/2022 06:24:08] "GET /admin/main/problem/add/ HTTP/1.1" 200 6625
[22/Dec/2022 06:24:08] "GET /static/admin/css/base.css HTTP/1.1" 304 0
[22/Dec/2022 06:24:08] "GET /static/admin/css/nav_sidebar.css HTTP/1.1" 304 0
[22/Dec/2022 06:24:08] "GET /static/admin/css/forms.css HTTP/1.1" 304 0
[22/Dec/2022 06:24:08] "GET /static/admin/js/vendor/jquery/jquery.js HTTP/1.1" 304 0
[22/Dec/2022 06:24:08] "GET /static/admin/css/responsive.css HTTP/1.1" 304 0
[22/Dec/2022 06:24:08] "GET /admin/jsi18n/ HTTP/1.1" 200 3325
[22/Dec/2022 06:24:08] "GET /static/admin/js/jquery.init.js HTTP/1.1" 304 0
[22/Dec/2022 06:24:08] "GET /static/admin/js/core.js HTTP/1.1" 304 0
[22/Dec/2022 06:24:08] "GET /static/admin/css/fonts.css HTTP/1.1" 304 0
[22/Dec/2022 06:24:08] "GET /static/admin/js/admin/RelatedObjectLookups.js HTTP/1.1" 304 0
[22/Dec/2022 06:24:08] "GET /static/admin/js/urlify.js HTTP/1.1" 304 0
[22/Dec/2022 06:24:08] "GET /static/admin/js/actions.js HTTP/1.1" 304 0
[22/Dec/2022 06:24:08] "GET /static/admin/css/widgets.css HTTP/1.1" 304 0
[22/Dec/2022 06:24:08] "GET /static/admin/js/prepopulate.js HTTP/1.1" 304 0
[22/Dec/2022 06:24:08] "GET /static/admin/js/vendor/xregexp/xregexp.js HTTP/1.1" 304 0
[22/Dec/2022 06:24:08] "GET /static/admin/js/prepopulate_init.js HTTP/1.1" 304 0
[22/Dec/2022 06:24:08] "GET /static/admin/js/nav_sidebar.js HTTP/1.1" 304 0
[22/Dec/2022 06:24:08] "GET /static/admin/js/change_form.js HTTP/1.1" 304 0
[22/Dec/2022 06:24:08] "GET /static/admin/fonts/Roboto-Regular-webfont.woff HTTP/1.1" 304 0
[22/Dec/2022 06:24:08] "GET /static/admin/fonts/Roboto-Bold-webfont.woff HTTP/1.1" 304 0
[22/Dec/2022 06:24:08] "GET /static/admin/img/icon-addlink.svg HTTP/1.1" 304 0
[22/Dec/2022 06:24:08] "GET /static/admin/fonts/Roboto-Light-webfont.woff HTTP/1.1" 304 0
[22/Dec/2022 06:24:30] "POST /admin/main/problem/add/ HTTP/1.1" 302 0
[22/Dec/2022 06:24:30] "GET /admin/main/problem/ HTTP/1.1" 200 8918
[22/Dec/2022 06:24:30] "GET /static/admin/css/changelists.css HTTP/1.1" 304 0
[22/Dec/2022 06:24:30] "GET /admin/jsi18n/ HTTP/1.1" 200 3325
[22/Dec/2022 06:24:30] "GET /static/admin/img/icon-yes.svg HTTP/1.1" 304 0
[22/Dec/2022 06:24:30] "GET /static/admin/img/tooltag-add.svg HTTP/1.1" 304 0
[22/Dec/2022 06:24:31] "GET /admin/main/problem/add/ HTTP/1.1" 200 6625
[22/Dec/2022 06:24:31] "GET /admin/jsi18n/ HTTP/1.1" 200 3325
[22/Dec/2022 06:24:50] "POST /admin/main/problem/add/ HTTP/1.1" 302 0
[22/Dec/2022 06:24:50] "GET /admin/main/problem/ HTTP/1.1" 200 9138
[22/Dec/2022 06:24:50] "GET /admin/jsi18n/ HTTP/1.1" 200 3325
[22/Dec/2022 06:24:51] "GET /admin/main/problem/add/ HTTP/1.1" 200 6625
[22/Dec/2022 06:24:51] "GET /admin/jsi18n/ HTTP/1.1" 200 3325
[22/Dec/2022 06:25:55] "POST /admin/main/problem/add/ HTTP/1.1" 302 0
[22/Dec/2022 06:25:55] "GET /admin/main/problem/ HTTP/1.1" 200 9358
[22/Dec/2022 06:25:55] "GET /admin/jsi18n/ HTTP/1.1" 200 3325
[22/Dec/2022 06:26:23] "GET /admin/main/problem/add/ HTTP/1.1" 200 6625
[22/Dec/2022 06:26:23] "GET /admin/jsi18n/ HTTP/1.1" 200 3325
[22/Dec/2022 06:26:46] "POST /admin/main/problem/add/ HTTP/1.1" 302 0
[22/Dec/2022 06:26:47] "GET /admin/main/problem/ HTTP/1.1" 200 9578
[22/Dec/2022 06:26:47] "GET /admin/jsi18n/ HTTP/1.1" 200 3325
[22/Dec/2022 06:26:48] "GET /admin/main/problem/add/ HTTP/1.1" 200 6625
[22/Dec/2022 06:26:48] "GET /admin/jsi18n/ HTTP/1.1" 200 3325
[22/Dec/2022 06:27:07] "POST /admin/main/problem/add/ HTTP/1.1" 302 0
[22/Dec/2022 06:27:07] "GET /admin/main/problem/ HTTP/1.1" 200 9798
[22/Dec/2022 06:27:07] "GET /admin/jsi18n/ HTTP/1.1" 200 3325
[22/Dec/2022 06:27:09] "GET /admin/main/problem/add/ HTTP/1.1" 200 6625
[22/Dec/2022 06:27:09] "GET /admin/jsi18n/ HTTP/1.1" 200 3325
[22/Dec/2022 06:27:29] "POST /admin/main/problem/add/ HTTP/1.1" 302 0
[22/Dec/2022 06:27:29] "GET /admin/main/problem/ HTTP/1.1" 200 10018
[22/Dec/2022 06:27:29] "GET /admin/jsi18n/ HTTP/1.1" 200 3325
[22/Dec/2022 06:27:30] "GET /admin/main/problem/add/ HTTP/1.1" 200 6625
[22/Dec/2022 06:27:30] "GET /admin/jsi18n/ HTTP/1.1" 200 3325
[22/Dec/2022 06:27:52] "POST /admin/main/problem/add/ HTTP/1.1" 302 0
[22/Dec/2022 06:27:53] "GET /admin/main/problem/ HTTP/1.1" 200 10238
[22/Dec/2022 06:27:53] "GET /admin/jsi18n/ HTTP/1.1" 200 3325
[22/Dec/2022 06:27:54] "GET /admin/main/problem/add/ HTTP/1.1" 200 6625
[22/Dec/2022 06:27:54] "GET /admin/jsi18n/ HTTP/1.1" 200 3325
[22/Dec/2022 06:28:17] "POST /admin/main/problem/add/ HTTP/1.1" 302 0
[22/Dec/2022 06:28:17] "GET /admin/main/problem/ HTTP/1.1" 200 10458
[22/Dec/2022 06:28:17] "GET /admin/jsi18n/ HTTP/1.1" 200 3325
[22/Dec/2022 06:28:18] "GET /admin/main/problem/add/ HTTP/1.1" 200 6625
[22/Dec/2022 06:28:18] "GET /admin/jsi18n/ HTTP/1.1" 200 3325
[22/Dec/2022 06:28:38] "POST /admin/main/problem/add/ HTTP/1.1" 302 0
[22/Dec/2022 06:28:38] "GET /admin/main/problem/ HTTP/1.1" 200 10678
[22/Dec/2022 06:28:38] "GET /admin/jsi18n/ HTTP/1.1" 200 3325
[22/Dec/2022 06:28:39] "GET /admin/main/problem/add/ HTTP/1.1" 200 6625
[22/Dec/2022 06:28:39] "GET /admin/jsi18n/ HTTP/1.1" 200 3325
[22/Dec/2022 06:29:05] "POST /admin/main/problem/add/ HTTP/1.1" 302 0
[22/Dec/2022 06:29:05] "GET /admin/main/problem/ HTTP/1.1" 200 10898
[22/Dec/2022 06:29:05] "GET /admin/jsi18n/ HTTP/1.1" 200 3325
[22/Dec/2022 06:29:06] "GET /admin/main/problem/add/ HTTP/1.1" 200 6625
[22/Dec/2022 06:29:06] "GET /admin/jsi18n/ HTTP/1.1" 200 3325
[22/Dec/2022 06:29:27] "POST /admin/main/problem/add/ HTTP/1.1" 302 0
[22/Dec/2022 06:29:27] "GET /admin/main/problem/ HTTP/1.1" 200 11118
[22/Dec/2022 06:29:27] "GET /admin/jsi18n/ HTTP/1.1" 200 3325
[22/Dec/2022 06:29:28] "GET /admin/main/problem/add/ HTTP/1.1" 200 6625
[22/Dec/2022 06:29:28] "GET /admin/jsi18n/ HTTP/1.1" 200 3325
[22/Dec/2022 06:29:48] "POST /admin/main/problem/add/ HTTP/1.1" 302 0
[22/Dec/2022 06:29:48] "GET /admin/main/problem/ HTTP/1.1" 200 11338
[22/Dec/2022 06:29:48] "GET /admin/jsi18n/ HTTP/1.1" 200 3325
[22/Dec/2022 06:29:50] "GET /admin/main/problem/add/ HTTP/1.1" 200 6625
[22/Dec/2022 06:29:50] "GET /admin/jsi18n/ HTTP/1.1" 200 3325
[22/Dec/2022 06:30:00] "GET / HTTP/1.1" 200 1038
[22/Dec/2022 06:30:04] "GET / HTTP/1.1" 200 914
[22/Dec/2022 06:30:04] "GET / HTTP/1.1" 200 1752
[22/Dec/2022 06:30:05] "GET / HTTP/1.1" 200 1247
[22/Dec/2022 06:30:05] "GET / HTTP/1.1" 200 1856
[22/Dec/2022 06:30:07] "GET /result/?select=Create&answer=Enable HTTP/1.1" 200 175
[22/Dec/2022 06:30:09] "GET / HTTP/1.1" 200 1752
[22/Dec/2022 06:30:11] "GET /result/?select=Use&answer=Use HTTP/1.1" 200 154
[22/Dec/2022 06:30:12] "GET / HTTP/1.1" 200 2409
[22/Dec/2022 06:32:17] "POST /admin/main/problem/add/ HTTP/1.1" 302 0
[22/Dec/2022 06:32:17] "GET /admin/main/problem/ HTTP/1.1" 200 11558
[22/Dec/2022 06:32:17] "GET /static/admin/css/base.css HTTP/1.1" 304 0
[22/Dec/2022 06:32:17] "GET /static/admin/css/nav_sidebar.css HTTP/1.1" 304 0
[22/Dec/2022 06:32:17] "GET /static/admin/css/responsive.css HTTP/1.1" 304 0
[22/Dec/2022 06:32:17] "GET /admin/jsi18n/ HTTP/1.1" 200 3325
[22/Dec/2022 06:32:17] "GET /static/admin/js/vendor/jquery/jquery.js HTTP/1.1" 304 0
[22/Dec/2022 06:32:17] "GET /static/admin/js/jquery.init.js HTTP/1.1" 304 0
[22/Dec/2022 06:32:17] "GET /static/admin/js/core.js HTTP/1.1" 304 0
[22/Dec/2022 06:32:17] "GET /static/admin/js/admin/RelatedObjectLookups.js HTTP/1.1" 304 0
[22/Dec/2022 06:32:17] "GET /static/admin/js/actions.js HTTP/1.1" 304 0
[22/Dec/2022 06:32:17] "GET /static/admin/js/urlify.js HTTP/1.1" 304 0
[22/Dec/2022 06:32:17] "GET /static/admin/css/fonts.css HTTP/1.1" 304 0
[22/Dec/2022 06:32:17] "GET /static/admin/js/prepopulate.js HTTP/1.1" 304 0
[22/Dec/2022 06:32:17] "GET /static/admin/js/vendor/xregexp/xregexp.js HTTP/1.1" 304 0
[22/Dec/2022 06:32:17] "GET /static/admin/js/nav_sidebar.js HTTP/1.1" 304 0
[22/Dec/2022 06:32:17] "GET /static/admin/img/icon-addlink.svg HTTP/1.1" 304 0
[22/Dec/2022 06:32:17] "GET /static/admin/fonts/Roboto-Regular-webfont.woff HTTP/1.1" 304 0
[22/Dec/2022 06:32:17] "GET /static/admin/fonts/Roboto-Bold-webfont.woff HTTP/1.1" 304 0
[22/Dec/2022 06:32:17] "GET /static/admin/fonts/Roboto-Light-webfont.woff HTTP/1.1" 304 0
[22/Dec/2022 06:32:18] "GET /admin/main/problem/add/ HTTP/1.1" 200 6625
[22/Dec/2022 06:32:19] "GET /static/admin/js/prepopulate_init.js HTTP/1.1" 304 0
[22/Dec/2022 06:32:19] "GET /static/admin/css/forms.css HTTP/1.1" 304 0
[22/Dec/2022 06:32:19] "GET /admin/jsi18n/ HTTP/1.1" 200 3325
[22/Dec/2022 06:32:19] "GET /static/admin/css/widgets.css HTTP/1.1" 304 0
[22/Dec/2022 06:32:19] "GET /static/admin/js/change_form.js HTTP/1.1" 304 0
[22/Dec/2022 06:32:40] "POST /admin/main/problem/add/ HTTP/1.1" 302 0
[22/Dec/2022 06:32:40] "GET /admin/main/problem/ HTTP/1.1" 200 11778
[22/Dec/2022 06:32:40] "GET /static/admin/css/changelists.css HTTP/1.1" 304 0
[22/Dec/2022 06:32:40] "GET /admin/jsi18n/ HTTP/1.1" 200 3325
[22/Dec/2022 06:32:40] "GET /static/admin/img/icon-yes.svg HTTP/1.1" 304 0
[22/Dec/2022 06:32:40] "GET /static/admin/img/tooltag-add.svg HTTP/1.1" 304 0
[22/Dec/2022 06:32:42] "GET /admin/main/problem/add/ HTTP/1.1" 200 6625
[22/Dec/2022 06:32:42] "GET /admin/jsi18n/ HTTP/1.1" 200 3325
[22/Dec/2022 06:33:04] "POST /admin/main/problem/add/ HTTP/1.1" 302 0
[22/Dec/2022 06:33:04] "GET /admin/main/problem/ HTTP/1.1" 200 11998
[22/Dec/2022 06:33:04] "GET /admin/jsi18n/ HTTP/1.1" 200 3325
[22/Dec/2022 06:33:05] "GET /admin/main/problem/add/ HTTP/1.1" 200 6625
[22/Dec/2022 06:33:05] "GET /admin/jsi18n/ HTTP/1.1" 200 3325
[22/Dec/2022 06:33:36] "POST /admin/main/problem/add/ HTTP/1.1" 302 0
[22/Dec/2022 06:33:36] "GET /admin/main/problem/ HTTP/1.1" 200 12218
[22/Dec/2022 06:33:36] "GET /admin/jsi18n/ HTTP/1.1" 200 3325
[22/Dec/2022 06:33:38] "GET /admin/main/problem/add/ HTTP/1.1" 200 6625
[22/Dec/2022 06:33:38] "GET /admin/jsi18n/ HTTP/1.1" 200 3325
[22/Dec/2022 06:34:00] "POST /admin/main/problem/add/ HTTP/1.1" 302 0
[22/Dec/2022 06:34:00] "GET /admin/main/problem/ HTTP/1.1" 200 12438
[22/Dec/2022 06:34:00] "GET /admin/jsi18n/ HTTP/1.1" 200 3325
[22/Dec/2022 06:34:10] "GET /admin/main/problem/add/ HTTP/1.1" 200 6625
[22/Dec/2022 06:34:10] "GET /admin/jsi18n/ HTTP/1.1" 200 3325
[22/Dec/2022 06:34:31] "POST /admin/main/problem/add/ HTTP/1.1" 302 0
[22/Dec/2022 06:34:31] "GET /admin/main/problem/ HTTP/1.1" 200 12658
[22/Dec/2022 06:34:31] "GET /admin/jsi18n/ HTTP/1.1" 200 3325
[22/Dec/2022 06:34:33] "GET /admin/main/problem/add/ HTTP/1.1" 200 6625
[22/Dec/2022 06:34:33] "GET /admin/jsi18n/ HTTP/1.1" 200 3325
[22/Dec/2022 06:35:35] "POST /admin/main/problem/add/ HTTP/1.1" 302 0
[22/Dec/2022 06:35:36] "GET /admin/main/problem/ HTTP/1.1" 200 12878
[22/Dec/2022 06:35:36] "GET /admin/jsi18n/ HTTP/1.1" 200 3325
[22/Dec/2022 06:35:37] "GET /admin/main/problem/add/ HTTP/1.1" 200 6625
[22/Dec/2022 06:35:37] "GET /admin/jsi18n/ HTTP/1.1" 200 3325
[22/Dec/2022 06:36:25] "POST /admin/main/problem/add/ HTTP/1.1" 302 0
[22/Dec/2022 06:36:25] "GET /admin/main/problem/ HTTP/1.1" 200 13098
[22/Dec/2022 06:36:25] "GET /admin/jsi18n/ HTTP/1.1" 200 3325
[22/Dec/2022 06:36:27] "GET /admin/main/problem/add/ HTTP/1.1" 200 6625
[22/Dec/2022 06:36:27] "GET /admin/jsi18n/ HTTP/1.1" 200 3325
[22/Dec/2022 06:36:52] "POST /admin/main/problem/add/ HTTP/1.1" 302 0
[22/Dec/2022 06:36:52] "GET /admin/main/problem/ HTTP/1.1" 200 13318
[22/Dec/2022 06:36:52] "GET /admin/jsi18n/ HTTP/1.1" 200 3325
[22/Dec/2022 06:36:53] "GET /admin/main/problem/add/ HTTP/1.1" 200 6625
[22/Dec/2022 06:36:54] "GET /admin/jsi18n/ HTTP/1.1" 200 3325
[22/Dec/2022 06:37:27] "POST /admin/main/problem/add/ HTTP/1.1" 302 0
[22/Dec/2022 06:37:27] "GET /admin/main/problem/ HTTP/1.1" 200 13538
[22/Dec/2022 06:37:27] "GET /admin/jsi18n/ HTTP/1.1" 200 3325
[22/Dec/2022 06:37:30] "GET /admin/main/problem/add/ HTTP/1.1" 200 6625
[22/Dec/2022 06:37:30] "GET /admin/jsi18n/ HTTP/1.1" 200 3325
[22/Dec/2022 06:37:47] "POST /admin/main/problem/add/ HTTP/1.1" 302 0
[22/Dec/2022 06:37:48] "GET /admin/main/problem/ HTTP/1.1" 200 13758
[22/Dec/2022 06:37:48] "GET /admin/jsi18n/ HTTP/1.1" 200 3325
[22/Dec/2022 06:38:51] "GET / HTTP/1.1" 200 832
[22/Dec/2022 06:38:51] "GET / HTTP/1.1" 200 1856
[22/Dec/2022 06:38:52] "GET / HTTP/1.1" 200 1767
[22/Dec/2022 06:38:52] "GET / HTTP/1.1" 200 1557
[22/Dec/2022 06:38:53] "GET / HTTP/1.1" 200 1752
[22/Dec/2022 06:38:53] "GET / HTTP/1.1" 200 1539
[22/Dec/2022 06:38:53] "GET / HTTP/1.1" 200 1519
[22/Dec/2022 06:38:54] "GET / HTTP/1.1" 200 1033
[22/Dec/2022 06:38:54] "GET / HTTP/1.1" 200 1247
[22/Dec/2022 06:38:55] "GET / HTTP/1.1" 200 1065
[22/Dec/2022 06:38:55] "GET / HTTP/1.1" 200 1557
[22/Dec/2022 06:38:56] "GET / HTTP/1.1" 200 1314
[22/Dec/2022 06:38:56] "GET / HTTP/1.1" 200 1519
[22/Dec/2022 06:39:20] "GET /result/?select=An&answer=An HTTP/1.1" 200 154
[22/Dec/2022 06:39:21] "GET / HTTP/1.1" 200 2348
[22/Dec/2022 06:44:41] "GET / HTTP/1.1" 200 2409
Not Found: /favicon.ico
[22/Dec/2022 06:44:41] "GET /favicon.ico HTTP/1.1" 404 2446
[22/Dec/2022 06:49:40] "GET /result/?select=Encrypt&answer=Deploy HTTP/1.1" 200 176
[22/Dec/2022 06:49:42] "GET / HTTP/1.1" 200 2409
[22/Dec/2022 06:49:44] "GET /result/?select=Deploy&answer=create HTTP/1.1" 200 175
[22/Dec/2022 06:49:51] "GET /result/?select=create&answer=create HTTP/1.1" 200 154
[22/Dec/2022 06:49:54] "GET / HTTP/1.1" 200 1856
[22/Dec/2022 06:52:24] "GET / HTTP/1.1" 200 2348
Not Found: /favicon.ico
[22/Dec/2022 06:52:24] "GET /favicon.ico HTTP/1.1" 404 2450
[22/Dec/2022 06:52:27] "GET /result/?select=Deploy&answer=Deploy HTTP/1.1" 200 154
[22/Dec/2022 06:52:28] "GET / HTTP/1.1" 200 1033
[22/Dec/2022 06:52:59] "GET / HTTP/1.1" 200 1098
[22/Dec/2022 06:52:59] "GET / HTTP/1.1" 200 1737
[22/Dec/2022 06:53:00] "GET / HTTP/1.1" 200 1314
[22/Dec/2022 06:53:00] "GET / HTTP/1.1" 200 1348
[22/Dec/2022 06:53:01] "GET / HTTP/1.1" 200 1314
[22/Dec/2022 06:53:01] "GET / HTTP/1.1" 200 1491
[22/Dec/2022 06:53:02] "GET /result/?select=Deploy&answer=Deploy HTTP/1.1" 200 154
[22/Dec/2022 06:53:03] "GET / HTTP/1.1" 200 1288
[22/Dec/2022 06:53:04] "GET /result/?select=Increase&answer=Use HTTP/1.1" 200 174
[22/Dec/2022 06:53:06] "GET / HTTP/1.1" 200 1637
[22/Dec/2022 06:53:07] "GET /result/?select=Use&answer=Use HTTP/1.1" 200 154
[22/Dec/2022 06:53:08] "GET / HTTP/1.1" 200 914
[22/Dec/2022 06:53:09] "GET /result/?select=Amazon&answer=Amazon HTTP/1.1" 200 154
[22/Dec/2022 06:53:10] "GET / HTTP/1.1" 200 2348
[22/Dec/2022 06:53:11] "GET /result/?select=Encrypt&answer=Deploy HTTP/1.1" 200 176
[22/Dec/2022 06:53:12] "GET / HTTP/1.1" 200 1033
[22/Dec/2022 06:54:31] "GET /result/?select=Use&answer=Enable HTTP/1.1" 200 172
[22/Dec/2022 06:55:59] "GET /result/?select=Use&answer=Enable HTTP/1.1" 200 172
[22/Dec/2022 06:55:59] "GET / HTTP/1.1" 200 2088
[22/Dec/2022 06:56:01] "GET / HTTP/1.1" 200 1034
[22/Dec/2022 06:56:01] "GET / HTTP/1.1" 200 1558
[22/Dec/2022 06:56:02] "GET /result/?select=Configure&answer=Configure HTTP/1.1" 200 154
[22/Dec/2022 06:56:04] "GET / HTTP/1.1" 200 1768
[22/Dec/2022 06:56:05] "GET /result/?select=Move&answer=Store HTTP/1.1" 200 172
[22/Dec/2022 06:58:20] "GET / HTTP/1.1" 200 1550
[22/Dec/2022 06:58:22] "GET /result/?select=Use+Amazon+EFS+and+control+permissions+by+using+security+groups.%0D%0A&answer=Use+Amazon+EFS+and+control+permissions+by+using+file-level+permissions. HTTP/1.1" 200 300
[22/Dec/2022 06:58:24] "GET / HTTP/1.1" 200 1325
[22/Dec/2022 06:58:26] "GET /result/?select=Create+an+Amazon+CloudFront+distribution+with+Amazon+S3+as+the+origin%0D%0A&answer=Create+an+Amazon+CloudFront+distribution+with+Amazon+S3+as+the+origin HTTP/1.1" 200 303
[22/Dec/2022 06:58:28] "GET / HTTP/1.1" 200 1325
[22/Dec/2022 06:58:29] "GET /result/?select=Create+a+copy+of+the+compute+environment+in+another+region%0D%0A&answer=Create+an+Amazon+CloudFront+distribution+with+Amazon+S3+as+the+origin HTTP/1.1" 200 292
[22/Dec/2022 06:58:30] "GET / HTTP/1.1" 200 1076
[22/Dec/2022 06:58:31] "GET /result/?select=AWS+CloudHSM%0D%0A&answer=Server+Side+Encryption+%28SSE-S3%29 HTTP/1.1" 200 208
[22/Dec/2022 06:58:33] "GET / HTTP/1.1" 200 1041
[22/Dec/2022 06:58:35] "GET /result/?select=Amazon+ElastiCache%0D%0A&answer=Amazon+ElastiCache HTTP/1.1" 200 201
[22/Dec/2022 06:58:37] "GET / HTTP/1.1" 200 843
[22/Dec/2022 06:59:17] "GET /result/?select=Amazon&answer=Amazon HTTP/1.1" 200 154
[22/Dec/2022 06:59:18] "GET / HTTP/1.1" 200 935
[22/Dec/2022 06:59:20] "GET /result/?select=Amazon+Cloud+Front%0D%0A&answer=Lamba%40Edge HTTP/1.1" 200 193
[22/Dec/2022 06:59:22] "GET / HTTP/1.1" 200 1109
[22/Dec/2022 07:00:22] "GET / HTTP/1.1" 200 1322
[22/Dec/2022 07:00:22] "GET / HTTP/1.1" 200 1763
[22/Dec/2022 07:00:23] "GET / HTTP/1.1" 200 2359
[22/Dec/2022 07:00:23] "GET / HTTP/1.1" 200 925
[22/Dec/2022 07:01:31] "GET /result/?select=Amazon+S3%0D%0A&answer=Amazon+DynamoDB HTTP/1.1" 200 189
[22/Dec/2022 07:01:32] "GET / HTTP/1.1" 200 1665
[22/Dec/2022 07:01:34] "GET /result/?select=Use+a+network+ACL+to+allow+inbound+ports+for+HITP+and+HTTPS+Deny+other+traffic+for+inbound+and+outbound%0D%0A&answer=Allow+inbound+ports+for+HTTP+and+HI+IPS+in+the+security+group+used+by+the+web+servers HTTP/1.1" 200 353
[22/Dec/2022 07:02:14] "GET / HTTP/1.1" 200 1208
[22/Dec/2022 07:02:15] "GET /result/?select=Set+up+Amazon+CloudWatch+monitors+on+services+they+own%0D%0A&answer=Enable+AWS+CloudTrail+logs+to+be+delivered+to+an+Amazon+S3+bucket HTTP/1.1" 200 281
[22/Dec/2022 07:02:18] "GET / HTTP/1.1" 200 2098
[22/Dec/2022 07:15:46] "GET / HTTP/1.1" 200 1049
[22/Dec/2022 07:15:46] "GET / HTTP/1.1" 200 1763
[22/Dec/2022 07:16:23] "GET / HTTP/1.1" 200 1763
[22/Dec/2022 07:16:24] "GET / HTTP/1.1" 200 2359
[22/Dec/2022 07:16:24] "GET / HTTP/1.1" 200 1111
[22/Dec/2022 07:16:25] "GET / HTTP/1.1" 200 1122
[22/Dec/2022 07:16:25] "GET / HTTP/1.1" 200 849
[22/Dec/2022 07:16:26] "GET / HTTP/1.1" 200 925
[22/Dec/2022 07:18:17] "GET / HTTP/1.1" 200 1041
[22/Dec/2022 07:18:18] "GET / HTTP/1.1" 200 1041
[22/Dec/2022 07:18:24] "GET / HTTP/1.1" 200 1568
[22/Dec/2022 07:19:12] "GET / HTTP/1.1" 200 1258
[22/Dec/2022 07:19:20] "GET / HTTP/1.1" 200 1109
[22/Dec/2022 07:19:28] "GET / HTTP/1.1" 200 1122
Not Found: /favicon.ico
[22/Dec/2022 07:19:28] "GET /favicon.ico HTTP/1.1" 404 2450
[22/Dec/2022 07:19:32] "GET / HTTP/1.1" 200 925
[22/Dec/2022 07:19:34] "GET /result/?select=Amazon+Kinesis%0D%0A&answer=Amazon+DynamoDB HTTP/1.1" 200 191
[22/Dec/2022 07:19:35] "GET / HTTP/1.1" 200 1322
[22/Dec/2022 07:19:36] "GET /result/?select=3%0D%0A&answer=4 HTTP/1.1" 200 164
[22/Dec/2022 07:19:38] "GET / HTTP/1.1" 200 1322
[22/Dec/2022 07:19:45] "GET /result/?select=4%0D%0A&answer=4 HTTP/1.1" 200 164
[22/Dec/2022 07:19:46] "GET / HTTP/1.1" 200 1208
[22/Dec/2022 07:19:47] "GET /result/?select=Use+Amazon+CloudWatch+Events+to+parse+logs%0D%0A&answer=Enable+AWS+CloudTrail+logs+to+be+delivered+to+an+Amazon+S3+bucket HTTP/1.1" 200 269
[22/Dec/2022 07:20:03] "GET / HTTP/1.1" 200 925
[22/Dec/2022 07:20:05] "GET /result/?select=Amazon+EFS&answer=Amazon+DynamoDB HTTP/1.1" 200 185
[22/Dec/2022 07:20:06] "GET / HTTP/1.1" 200 1258
[22/Dec/2022 07:31:22] "GET /result/?select=Configure+Direct+Connect+in+each+account.%0D%0A&answer=Establish+a+VPC+Peering+connection+between+accounts. HTTP/1.1" 200 255
[22/Dec/2022 07:47:54] code 400, message Bad HTTP/0.9 request type ('\x16\x03\x01\x00{\x01\x00\x00w\x03\x03>×ãÔÞ\x18þÞ´\x8bDó"fÍ\'a\x88è\x98\x882ýo\x9e½\x9a1ÛBø\x89\x00\x00\x1aÀ/À+À\x11À\x07À\x13À')
[22/Dec/2022 07:47:54] You're accessing the development server over HTTPS, but it only supports HTTP.

[22/Dec/2022 07:47:55] code 400, message Bad request version ('À\x14À')
[22/Dec/2022 07:47:55] You're accessing the development server over HTTPS, but it only supports HTTP.

[22/Dec/2022 07:47:55] "GET / HTTP/1.1" 200 925
[22/Dec/2022 07:47:56] code 400, message Bad request version ('À\x14À')
[22/Dec/2022 07:47:56] You're accessing the development server over HTTPS, but it only supports HTTP.

[22/Dec/2022 08:10:12] "GET / HTTP/1.1" 200 2020
[22/Dec/2022 08:10:30,604] - Broken pipe from ('218.236.113.123', 58914)

[22/Dec/2022 08:46:21] "GET / HTTP/1.1" 200 1748
Not Found: /favicon.ico
[22/Dec/2022 08:46:21] "GET /favicon.ico HTTP/1.1" 404 2450
[22/Dec/2022 08:54:48] code 400, message Bad request syntax ('nil')
[22/Dec/2022 08:54:48] "nil" 400 -
[22/Dec/2022 08:54:52] "GET / HTTP/1.0" 200 1867
[22/Dec/2022 08:54:55] "GET / HTTP/1.1" 200 1109
Not Found: /sitemap.xml
[22/Dec/2022 08:54:57] "GET /sitemap.xml HTTP/1.1" 404 2446
Not Found: /robots.txt
[22/Dec/2022 08:54:57] "GET /robots.txt HTTP/1.1" 404 2443
[22/Dec/2022 11:37:13] "GET / HTTP/1.1" 200 1359
Not Found: /http:/api.ipify.org/
[22/Dec/2022 11:37:40] "GET http://api.ipify.org/?format=json HTTP/1.1" 404 1818
Not Found: /www.shadowserver.org:443
[22/Dec/2022 11:37:44] "CONNECT www.shadowserver.org:443 HTTP/1.1" 404 1827
